#
# There is insufficient memory for the Java Runtime Environment to continue.
# Native memory allocation (malloc) failed to allocate 795856 bytes for Chunk::new
# Possible reasons:
#   The system is out of physical RAM or swap space
#   In 32 bit mode, the process size limit was hit
# Possible solutions:
#   Reduce memory load on the system
#   Increase physical memory or swap space
#   Check if swap backing store is full
#   Use 64 bit Java on a 64 bit OS
#   Decrease Java heap size (-Xmx/-Xms)
#   Decrease number of Java threads
#   Decrease Java thread stack sizes (-Xss)
#   Set larger code cache with -XX:ReservedCodeCacheSize=
# This output file may be truncated or incomplete.
#
#  Out of Memory Error (allocation.cpp:390), pid=5832, tid=0x000000000000257c
#
# JRE version: OpenJDK Runtime Environment (8.0_152-b02) (build 1.8.0_152-release-1024-b02)
# Java VM: OpenJDK 64-Bit Server VM (25.152-b02 mixed mode windows-amd64 compressed oops)
# Failed to write core dump. Minidumps are not enabled by default on client versions of Windows
#

---------------  T H R E A D  ---------------

Current thread (0x0000000016f07000):  JavaThread "C2 CompilerThread1" daemon [_thread_in_native, id=9596, stack(0x00000000185f0000,0x00000000186f0000)]

Stack: [0x00000000185f0000,0x00000000186f0000]
[error occurred during error reporting (printing stack bounds), id 0xc0000005]

Native frames: (J=compiled Java code, j=interpreted, Vv=VM code, C=native code)


Current CompileTask:
C2:4089024 7674       4       org.jetbrains.kotlin.cli.jvm.index.JvmDependenciesIndexImpl::search (384 bytes)


---------------  P R O C E S S  ---------------

Java Threads: ( => current thread )
  0x000000001d918000 JavaThread "RMI RenewClean-[localhost:51889,org.jetbrains.kotlin.daemon.common.LoopbackNetworkInterface$ClientLoopbackSocketFactory@6bac4c86]" daemon [_thread_blocked, id=948, stack(0x0000000020a30000,0x0000000020b30000)]
  0x000000001be64000 JavaThread "RMI TCP Connection(5)-127.0.0.1" daemon [_thread_in_Java, id=7964, stack(0x0000000020930000,0x0000000020a30000)]
  0x0000000019030000 JavaThread "RMI TCP Connection(4)-127.0.0.1" daemon [_thread_in_native, id=8892, stack(0x0000000020830000,0x0000000020930000)]
  0x0000000019041800 JavaThread "RMI Scheduler(0)" daemon [_thread_blocked, id=15292, stack(0x0000000019f30000,0x000000001a030000)]
  0x0000000003442800 JavaThread "DestroyJavaVM" [_thread_blocked, id=6256, stack(0x0000000003340000,0x0000000003440000)]
  0x0000000018fdd800 JavaThread "GC Daemon" daemon [_thread_blocked, id=1668, stack(0x00000000199f0000,0x0000000019af0000)]
  0x0000000018feb800 JavaThread "RMI Reaper" [_thread_blocked, id=4920, stack(0x00000000198f0000,0x00000000199f0000)]
  0x0000000018ee8000 JavaThread "Timer-0" daemon [_thread_blocked, id=10064, stack(0x00000000196f0000,0x00000000197f0000)]
  0x0000000018ee3000 JavaThread "RMI TCP Accept-17875" daemon [_thread_in_native, id=5468, stack(0x00000000195f0000,0x00000000196f0000)]
  0x0000000018867000 JavaThread "Service Thread" daemon [_thread_blocked, id=10284, stack(0x0000000018bf0000,0x0000000018cf0000)]
  0x0000000016f0a000 JavaThread "C1 CompilerThread2" daemon [_thread_blocked, id=14724, stack(0x00000000186f0000,0x00000000187f0000)]
=>0x0000000016f07000 JavaThread "C2 CompilerThread1" daemon [_thread_in_native, id=9596, stack(0x00000000185f0000,0x00000000186f0000)]
  0x0000000016f02800 JavaThread "C2 CompilerThread0" daemon [_thread_in_native, id=8416, stack(0x00000000184f0000,0x00000000185f0000)]
  0x0000000016ebf800 JavaThread "Attach Listener" daemon [_thread_blocked, id=2700, stack(0x00000000183f0000,0x00000000184f0000)]
  0x0000000016ebe800 JavaThread "Signal Dispatcher" daemon [_thread_blocked, id=8984, stack(0x00000000182f0000,0x00000000183f0000)]
  0x0000000016e98800 JavaThread "Finalizer" daemon [_thread_blocked, id=3880, stack(0x0000000018100000,0x0000000018200000)]
  0x0000000003533800 JavaThread "Reference Handler" daemon [_thread_blocked, id=11692, stack(0x0000000018000000,0x0000000018100000)]

Other Threads:
  0x0000000016e75800 VMThread [stack: 0x0000000017f00000,0x0000000018000000] [id=4868]
  0x0000000018880000 WatcherThread [stack: 0x0000000018cf0000,0x0000000018df0000] [id=9148]

VM state:not at safepoint (normal execution)

VM Mutex/Monitor currently owned by a thread: None

Heap:
 PSYoungGen      total 114176K, used 50661K [0x00000000e0000000, 0x00000000ea680000, 0x0000000100000000)
  eden space 91136K, 30% used [0x00000000e0000000,0x00000000e1b21738,0x00000000e5900000)
  from space 23040K, 99% used [0x00000000e9000000,0x00000000ea657d40,0x00000000ea680000)
  to   space 33280K, 0% used [0x00000000e6580000,0x00000000e6580000,0x00000000e8600000)
 ParOldGen       total 206848K, used 19660K [0x00000000a0000000, 0x00000000aca00000, 0x00000000e0000000)
  object space 206848K, 9% used [0x00000000a0000000,0x00000000a1333098,0x00000000aca00000)
 Metaspace       used 53515K, capacity 54479K, committed 54656K, reserved 1097728K
  class space    used 6429K, capacity 6669K, committed 6784K, reserved 1048576K

Card table byte_map: [0x0000000012900000,0x0000000012c10000] byte_map_base: 0x0000000012400000

Marking Bits: (ParMarkBitMap*) 0x0000000050a74970
 Begin Bits: [0x0000000013210000, 0x0000000014a10000)
 End Bits:   [0x0000000014a10000, 0x0000000016210000)

Polling page: 0x0000000002e30000

CodeCache: size=245760Kb used=22252Kb max_used=22252Kb free=223507Kb
 bounds [0x0000000003540000, 0x0000000004b20000, 0x0000000012540000]
 total_blobs=7401 nmethods=6876 adapters=437
 compilation: enabled

Compilation events (10 events):
Event: 4087.964 Thread 0x0000000016f0a000 nmethod 7762 0x0000000004b0e5d0 code [0x0000000004b0e720, 0x0000000004b0e870]
Event: 4087.968 Thread 0x0000000016f02800 7763       4       org.jetbrains.kotlin.load.java.lazy.descriptors.JvmPackageScope::getContributedClassifier (144 bytes)
Event: 4087.968 Thread 0x0000000016f0a000 7764       3       org.jetbrains.kotlin.resolve.lazy.LazyImportResolver::collectFromImports (39 bytes)
Event: 4087.969 Thread 0x0000000016f0a000 nmethod 7764 0x0000000004b0e8d0 code [0x0000000004b0eaa0, 0x0000000004b0f148]
Event: 4087.969 Thread 0x0000000016f0a000 7765       3       org.jetbrains.kotlin.resolve.lazy.LazyImportResolver$collectFromImports$1::<init> (21 bytes)
Event: 4087.969 Thread 0x0000000016f0a000 nmethod 7765 0x0000000004b0f410 code [0x0000000004b0f580, 0x0000000004b0f7d0]
Event: 4087.970 Thread 0x0000000016f0a000 7766       3       org.jetbrains.kotlin.resolve.AllUnderImportScope::getContributedVariables (10 bytes)
Event: 4087.970 Thread 0x0000000016f0a000 nmethod 7766 0x0000000004b0f8d0 code [0x0000000004b0fa40, 0x0000000004b0fc48]
Event: 4087.971 Thread 0x0000000016f0a000 7767       3       org.jetbrains.kotlin.builtins.functions.BuiltInFictitiousFunctionClassFactory::shouldCreateClass (64 bytes)
Event: 4087.971 Thread 0x0000000016f0a000 nmethod 7767 0x0000000004b0fcd0 code [0x0000000004b0fec0, 0x0000000004b10578]

GC Heap History (10 events):
Event: 4.144 GC heap before
{Heap before GC invocations=8 (full 3):
 PSYoungGen      total 96768K, used 86016K [0x00000000e0000000, 0x00000000e6f00000, 0x0000000100000000)
  eden space 86016K, 100% used [0x00000000e0000000,0x00000000e5400000,0x00000000e5400000)
  from space 10752K, 0% used [0x00000000e5e80000,0x00000000e5e80000,0x00000000e6900000)
  to   space 10752K, 0% used [0x00000000e5400000,0x00000000e5400000,0x00000000e5e80000)
 ParOldGen       total 206848K, used 18338K [0x00000000a0000000, 0x00000000aca00000, 0x00000000e0000000)
  object space 206848K, 8% used [0x00000000a0000000,0x00000000a11e8a50,0x00000000aca00000)
 Metaspace       used 41878K, capacity 42644K, committed 42880K, reserved 1087488K
  class space    used 5274K, capacity 5448K, committed 5504K, reserved 1048576K
Event: 4.158 GC heap after
Heap after GC invocations=8 (full 3):
 PSYoungGen      total 96768K, used 10749K [0x00000000e0000000, 0x00000000e8600000, 0x0000000100000000)
  eden space 86016K, 0% used [0x00000000e0000000,0x00000000e0000000,0x00000000e5400000)
  from space 10752K, 99% used [0x00000000e5400000,0x00000000e5e7f420,0x00000000e5e80000)
  to   space 10752K, 0% used [0x00000000e7b80000,0x00000000e7b80000,0x00000000e8600000)
 ParOldGen       total 206848K, used 30008K [0x00000000a0000000, 0x00000000aca00000, 0x00000000e0000000)
  object space 206848K, 14% used [0x00000000a0000000,0x00000000a1d4e280,0x00000000aca00000)
 Metaspace       used 41878K, capacity 42644K, committed 42880K, reserved 1087488K
  class space    used 5274K, capacity 5448K, committed 5504K, reserved 1048576K
}
Event: 5.523 GC heap before
{Heap before GC invocations=9 (full 3):
 PSYoungGen      total 96768K, used 96765K [0x00000000e0000000, 0x00000000e8600000, 0x0000000100000000)
  eden space 86016K, 100% used [0x00000000e0000000,0x00000000e5400000,0x00000000e5400000)
  from space 10752K, 99% used [0x00000000e5400000,0x00000000e5e7f420,0x00000000e5e80000)
  to   space 10752K, 0% used [0x00000000e7b80000,0x00000000e7b80000,0x00000000e8600000)
 ParOldGen       total 206848K, used 30008K [0x00000000a0000000, 0x00000000aca00000, 0x00000000e0000000)
  object space 206848K, 14% used [0x00000000a0000000,0x00000000a1d4e280,0x00000000aca00000)
 Metaspace       used 51492K, capacity 52381K, committed 52736K, reserved 1095680K
  class space    used 6338K, capacity 6560K, committed 6656K, reserved 1048576K
Event: 5.539 GC heap after
Heap after GC invocations=9 (full 3):
 PSYoungGen      total 103424K, used 10745K [0x00000000e0000000, 0x00000000eb280000, 0x0000000100000000)
  eden space 92672K, 0% used [0x00000000e0000000,0x00000000e0000000,0x00000000e5a80000)
  from space 10752K, 99% used [0x00000000e7b80000,0x00000000e85fe7e8,0x00000000e8600000)
  to   space 33792K, 0% used [0x00000000e5a80000,0x00000000e5a80000,0x00000000e7b80000)
 ParOldGen       total 206848K, used 49421K [0x00000000a0000000, 0x00000000aca00000, 0x00000000e0000000)
  object space 206848K, 23% used [0x00000000a0000000,0x00000000a30436c0,0x00000000aca00000)
 Metaspace       used 51492K, capacity 52381K, committed 52736K, reserved 1095680K
  class space    used 6338K, capacity 6560K, committed 6656K, reserved 1048576K
}
Event: 3603.076 GC heap before
{Heap before GC invocations=10 (full 3):
 PSYoungGen      total 103424K, used 26903K [0x00000000e0000000, 0x00000000eb280000, 0x0000000100000000)
  eden space 92672K, 17% used [0x00000000e0000000,0x00000000e0fc7590,0x00000000e5a80000)
  from space 10752K, 99% used [0x00000000e7b80000,0x00000000e85fe7e8,0x00000000e8600000)
  to   space 33792K, 0% used [0x00000000e5a80000,0x00000000e5a80000,0x00000000e7b80000)
 ParOldGen       total 206848K, used 49421K [0x00000000a0000000, 0x00000000aca00000, 0x00000000e0000000)
  object space 206848K, 23% used [0x00000000a0000000,0x00000000a30436c0,0x00000000aca00000)
 Metaspace       used 52544K, capacity 53461K, committed 53760K, reserved 1095680K
  class space    used 6417K, capacity 6636K, committed 6656K, reserved 1048576K
Event: 3603.104 GC heap after
Heap after GC invocations=10 (full 3):
 PSYoungGen      total 126464K, used 12102K [0x00000000e0000000, 0x00000000eaf80000, 0x0000000100000000)
  eden space 92672K, 0% used [0x00000000e0000000,0x00000000e0000000,0x00000000e5a80000)
  from space 33792K, 35% used [0x00000000e5a80000,0x00000000e6651b48,0x00000000e7b80000)
  to   space 32256K, 0% used [0x00000000e9000000,0x00000000e9000000,0x00000000eaf80000)
 ParOldGen       total 206848K, used 49429K [0x00000000a0000000, 0x00000000aca00000, 0x00000000e0000000)
  object space 206848K, 23% used [0x00000000a0000000,0x00000000a30456c0,0x00000000aca00000)
 Metaspace       used 52544K, capacity 53461K, committed 53760K, reserved 1095680K
  class space    used 6417K, capacity 6636K, committed 6656K, reserved 1048576K
}
Event: 3603.104 GC heap before
{Heap before GC invocations=11 (full 4):
 PSYoungGen      total 126464K, used 12102K [0x00000000e0000000, 0x00000000eaf80000, 0x0000000100000000)
  eden space 92672K, 0% used [0x00000000e0000000,0x00000000e0000000,0x00000000e5a80000)
  from space 33792K, 35% used [0x00000000e5a80000,0x00000000e6651b48,0x00000000e7b80000)
  to   space 32256K, 0% used [0x00000000e9000000,0x00000000e9000000,0x00000000eaf80000)
 ParOldGen       total 206848K, used 49429K [0x00000000a0000000, 0x00000000aca00000, 0x00000000e0000000)
  object space 206848K, 23% used [0x00000000a0000000,0x00000000a30456c0,0x00000000aca00000)
 Metaspace       used 52544K, capacity 53461K, committed 53760K, reserved 1095680K
  class space    used 6417K, capacity 6636K, committed 6656K, reserved 1048576K
Event: 3603.188 GC heap after
Heap after GC invocations=11 (full 4):
 PSYoungGen      total 126464K, used 0K [0x00000000e0000000, 0x00000000eaf80000, 0x0000000100000000)
  eden space 92672K, 0% used [0x00000000e0000000,0x00000000e0000000,0x00000000e5a80000)
  from space 33792K, 0% used [0x00000000e5a80000,0x00000000e5a80000,0x00000000e7b80000)
  to   space 32256K, 0% used [0x00000000e9000000,0x00000000e9000000,0x00000000eaf80000)
 ParOldGen       total 206848K, used 19652K [0x00000000a0000000, 0x00000000aca00000, 0x00000000e0000000)
  object space 206848K, 9% used [0x00000000a0000000,0x00000000a1331098,0x00000000aca00000)
 Metaspace       used 52034K, capacity 52833K, committed 53760K, reserved 1095680K
  class space    used 6343K, capacity 6522K, committed 6656K, reserved 1048576K
}
Event: 4087.568 GC heap before
{Heap before GC invocations=12 (full 4):
 PSYoungGen      total 126464K, used 92672K [0x00000000e0000000, 0x00000000eaf80000, 0x0000000100000000)
  eden space 92672K, 100% used [0x00000000e0000000,0x00000000e5a80000,0x00000000e5a80000)
  from space 33792K, 0% used [0x00000000e5a80000,0x00000000e5a80000,0x00000000e7b80000)
  to   space 32256K, 0% used [0x00000000e9000000,0x00000000e9000000,0x00000000eaf80000)
 ParOldGen       total 206848K, used 19652K [0x00000000a0000000, 0x00000000aca00000, 0x00000000e0000000)
  object space 206848K, 9% used [0x00000000a0000000,0x00000000a1331098,0x00000000aca00000)
 Metaspace       used 53064K, capacity 54003K, committed 54272K, reserved 1097728K
  class space    used 6400K, capacity 6599K, committed 6656K, reserved 1048576K
Event: 4087.588 GC heap after
Heap after GC invocations=12 (full 4):
 PSYoungGen      total 114176K, used 22879K [0x00000000e0000000, 0x00000000ea680000, 0x0000000100000000)
  eden space 91136K, 0% used [0x00000000e0000000,0x00000000e0000000,0x00000000e5900000)
  from space 23040K, 99% used [0x00000000e9000000,0x00000000ea657d40,0x00000000ea680000)
  to   space 33280K, 0% used [0x00000000e6580000,0x00000000e6580000,0x00000000e8600000)
 ParOldGen       total 206848K, used 19660K [0x00000000a0000000, 0x00000000aca00000, 0x00000000e0000000)
  object space 206848K, 9% used [0x00000000a0000000,0x00000000a1333098,0x00000000aca00000)
 Metaspace       used 53064K, capacity 54003K, committed 54272K, reserved 1097728K
  class space    used 6400K, capacity 6599K, committed 6656K, reserved 1048576K
}

Deoptimization events (10 events):
Event: 4086.670 Thread 0x000000001be64000 Uncommon trap: reason=class_check action=maybe_recompile pc=0x00000000047dab20 method=java.util.regex.Pattern$Slice.match(Ljava/util/regex/Matcher;ILjava/lang/CharSequence;)Z @ 75
Event: 4086.683 Thread 0x000000001be64000 Uncommon trap: reason=class_check action=maybe_recompile pc=0x00000000047dab20 method=java.util.regex.Pattern$Slice.match(Ljava/util/regex/Matcher;ILjava/lang/CharSequence;)Z @ 75
Event: 4086.706 Thread 0x000000001be64000 Uncommon trap: reason=unstable_if action=reinterpret pc=0x0000000004350858 method=org.jetbrains.kotlin.psi.KtFile.getVirtualFilePath()Ljava/lang/String; @ 5
Event: 4086.728 Thread 0x000000001be64000 Uncommon trap: reason=class_check action=maybe_recompile pc=0x0000000003c1ea44 method=org.jetbrains.kotlin.com.intellij.lang.impl.PsiBuilderImpl.skipWhitespace()V @ 72
Event: 4087.490 Thread 0x000000001be64000 Uncommon trap: reason=null_check action=make_not_entrant pc=0x000000000368d850 method=org.jetbrains.kotlin.load.java.components.JavaAnnotationDescriptor.<init>(Lorg/jetbrains/kotlin/load/java/lazy/LazyJavaResolverContext;Lorg/jetbrains/kotlin/load/java/st
Event: 4087.499 Thread 0x000000001be64000 Uncommon trap: reason=unstable_if action=reinterpret pc=0x00000000046ce880 method=org.jetbrains.kotlin.load.java.structure.impl.classFiles.BinaryJavaMethodBase$Companion.create(Ljava/lang/String;ILjava/lang/String;Ljava/lang/String;Lorg/jetbrains/kotlin/l
Event: 4087.696 Thread 0x000000001be64000 Uncommon trap: reason=unstable_if action=reinterpret pc=0x0000000003aae680 method=org.jetbrains.kotlin.protobuf.CodedInputStream.readRawVarint32()I @ 69
Event: 4087.732 Thread 0x000000001be64000 Uncommon trap: reason=unstable_if action=reinterpret pc=0x000000000439fa8c method=org.jetbrains.kotlin.types.AbstractClassTypeConstructor.hashCode()I @ 20
Event: 4087.762 Thread 0x000000001be64000 Uncommon trap: reason=unstable_if action=reinterpret pc=0x000000000435b854 method=org.jetbrains.kotlin.serialization.deserialization.descriptors.DeserializedMemberScope.getContributedClassifier(Lorg/jetbrains/kotlin/name/Name;Lorg/jetbrains/kotlin/increme
Event: 4087.785 Thread 0x000000001be64000 Uncommon trap: reason=unstable_if action=reinterpret pc=0x00000000043c0f44 method=org.jetbrains.kotlin.types.KotlinTypeKt.isError(Lorg/jetbrains/kotlin/types/KotlinType;)Z @ 37

Classes redefined (0 events):
No events

Internal exceptions (10 events):
Event: 3603.193 Thread 0x0000000019049000 Exception <a 'java/lang/NoSuchMethodError': <clinit>> (0x00000000e0017860) thrown at [D:\src\AOSP-openjdk-cygwin\jdk8u\hotspot\src\share\vm\prims\jni.cpp, line 1613]
Event: 4085.852 Thread 0x0000000019030000 Exception <a 'java/lang/NoSuchMethodError': <clinit>> (0x00000000e01b9fc0) thrown at [D:\src\AOSP-openjdk-cygwin\jdk8u\hotspot\src\share\vm\prims\jni.cpp, line 1613]
Event: 4085.866 Thread 0x000000001be64000 Exception <a 'java/lang/NoSuchMethodError': <clinit>> (0x00000000e022cee0) thrown at [D:\src\AOSP-openjdk-cygwin\jdk8u\hotspot\src\share\vm\prims\jni.cpp, line 1613]
Event: 4085.867 Thread 0x000000001be64000 Exception <a 'java/lang/NoSuchMethodError': <clinit>> (0x00000000e022eb98) thrown at [D:\src\AOSP-openjdk-cygwin\jdk8u\hotspot\src\share\vm\prims\jni.cpp, line 1613]
Event: 4085.867 Thread 0x000000001be64000 Exception <a 'java/lang/NoSuchMethodError': <clinit>> (0x00000000e0239330) thrown at [D:\src\AOSP-openjdk-cygwin\jdk8u\hotspot\src\share\vm\prims\jni.cpp, line 1613]
Event: 4085.877 Thread 0x000000001be64000 Exception <a 'java/lang/NoSuchMethodError': <clinit>> (0x00000000e025ebe8) thrown at [D:\src\AOSP-openjdk-cygwin\jdk8u\hotspot\src\share\vm\prims\jni.cpp, line 1613]
Event: 4085.994 Thread 0x000000001be64000 Implicit null exception at 0x0000000003a3a670 to 0x0000000003a42565
Event: 4086.191 Thread 0x000000001be64000 Exception <a 'sun/nio/fs/WindowsException'> (0x00000000e202fe00) thrown at [D:\src\AOSP-openjdk-cygwin\jdk8u\hotspot\src\share\vm\prims\jni.cpp, line 709]
Event: 4086.191 Thread 0x000000001be64000 Exception <a 'java/lang/reflect/InvocationTargetException'> (0x00000000e20309f8) thrown at [D:\src\AOSP-openjdk-cygwin\jdk8u\hotspot\src\share\vm\runtime\reflection.cpp, line 1092]
Event: 4087.490 Thread 0x000000001be64000 Implicit null exception at 0x000000000368d197 to 0x000000000368d845

Events (10 events):
Event: 4087.927 Executing VM operation: RevokeBias
Event: 4087.927 Executing VM operation: RevokeBias done
Event: 4087.927 Executing VM operation: RevokeBias
Event: 4087.927 Executing VM operation: RevokeBias done
Event: 4087.927 Executing VM operation: RevokeBias
Event: 4087.927 Executing VM operation: RevokeBias done
Event: 4087.929 loading class org/jetbrains/kotlin/util/CheckResult$SuccessCheck
Event: 4087.929 loading class org/jetbrains/kotlin/util/CheckResult$SuccessCheck done
Event: 4087.930 loading class org/jetbrains/kotlin/load/java/BuiltinMethodsWithDifferentJvmName$isBuiltinFunctionWithDifferentNameInJvm$1
Event: 4087.930 loading class org/jetbrains/kotlin/load/java/BuiltinMethodsWithDifferentJvmName$isBuiltinFunctionWithDifferentNameInJvm$1 done


Dynamic libraries:
0x00007ff711550000 - 0x00007ff711581000 	C:\Program Files\Android\Android Studio\jre\jre\bin\java.exe
0x00007fffee880000 - 0x00007fffeea61000 	C:\WINDOWS\SYSTEM32\ntdll.dll
0x00007fffee730000 - 0x00007fffee7e2000 	C:\WINDOWS\System32\KERNEL32.DLL
0x00007fffeb6c0000 - 0x00007fffeb933000 	C:\WINDOWS\System32\KERNELBASE.dll
0x00007fffec5c0000 - 0x00007fffec661000 	C:\WINDOWS\System32\ADVAPI32.dll
0x00007fffec160000 - 0x00007fffec1fe000 	C:\WINDOWS\System32\msvcrt.dll
0x00007fffee7f0000 - 0x00007fffee84b000 	C:\WINDOWS\System32\sechost.dll
0x00007fffec670000 - 0x00007fffec794000 	C:\WINDOWS\System32\RPCRT4.dll
0x00007fffec360000 - 0x00007fffec4f0000 	C:\WINDOWS\System32\USER32.dll
0x00007fffebcf0000 - 0x00007fffebd10000 	C:\WINDOWS\System32\win32u.dll
0x00007fffebdf0000 - 0x00007fffebe18000 	C:\WINDOWS\System32\GDI32.dll
0x00007fffeb940000 - 0x00007fffebad2000 	C:\WINDOWS\System32\gdi32full.dll
0x00007fffeb5a0000 - 0x00007fffeb63f000 	C:\WINDOWS\System32\msvcp_win.dll
0x00007fffebbf0000 - 0x00007fffebcea000 	C:\WINDOWS\System32\ucrtbase.dll
0x00007fffdd470000 - 0x00007fffdd6d9000 	C:\WINDOWS\WinSxS\amd64_microsoft.windows.common-controls_6595b64144ccf1df_6.0.17134.112_none_fb3f961b30681c12\COMCTL32.dll
0x00007fffebe20000 - 0x00007fffec143000 	C:\WINDOWS\System32\combase.dll
0x00007fffeb640000 - 0x00007fffeb6ba000 	C:\WINDOWS\System32\bcryptPrimitives.dll
0x00007fffebdc0000 - 0x00007fffebded000 	C:\WINDOWS\System32\IMM32.DLL
0x00000000500f0000 - 0x00000000501c2000 	C:\Program Files\Android\Android Studio\jre\jre\bin\msvcr100.dll
0x00000000502b0000 - 0x0000000050aef000 	C:\Program Files\Android\Android Studio\jre\jre\bin\server\jvm.dll
0x00007fffec150000 - 0x00007fffec158000 	C:\WINDOWS\System32\PSAPI.DLL
0x00007fffdcba0000 - 0x00007fffdcba9000 	C:\WINDOWS\SYSTEM32\WSOCK32.dll
0x00007fffe8df0000 - 0x00007fffe8e13000 	C:\WINDOWS\SYSTEM32\WINMM.dll
0x00007fffe50d0000 - 0x00007fffe50da000 	C:\WINDOWS\SYSTEM32\VERSION.dll
0x00007fffec9b0000 - 0x00007fffeca1c000 	C:\WINDOWS\System32\WS2_32.dll
0x00007fffe8dc0000 - 0x00007fffe8dea000 	C:\WINDOWS\SYSTEM32\WINMMBASE.dll
0x00007fffeae40000 - 0x00007fffeae89000 	C:\WINDOWS\System32\cfgmgr32.dll
0x00007fffe3d00000 - 0x00007fffe3d0f000 	C:\Program Files\Android\Android Studio\jre\jre\bin\verify.dll
0x00007fffd4ee0000 - 0x00007fffd4f09000 	C:\Program Files\Android\Android Studio\jre\jre\bin\java.dll
0x00007fffd4cc0000 - 0x00007fffd4cd6000 	C:\Program Files\Android\Android Studio\jre\jre\bin\zip.dll
0x00007fffecaf0000 - 0x00007fffedf30000 	C:\WINDOWS\System32\SHELL32.dll
0x00007fffebd10000 - 0x00007fffebdb9000 	C:\WINDOWS\System32\shcore.dll
0x00007fffeae90000 - 0x00007fffeb59d000 	C:\WINDOWS\System32\windows.storage.dll
0x00007fffec7b0000 - 0x00007fffec801000 	C:\WINDOWS\System32\shlwapi.dll
0x00007fffeac20000 - 0x00007fffeac31000 	C:\WINDOWS\System32\kernel.appcore.dll
0x00007fffeab90000 - 0x00007fffeabaf000 	C:\WINDOWS\System32\profapi.dll
0x00007fffeabd0000 - 0x00007fffeac1c000 	C:\WINDOWS\System32\powrprof.dll
0x00007fffeac40000 - 0x00007fffeac4a000 	C:\WINDOWS\System32\FLTLIB.DLL
0x00007fffe34f0000 - 0x00007fffe34fd000 	C:\Program Files\Android\Android Studio\jre\jre\bin\management.dll
0x00007fffd4a90000 - 0x00007fffd4aaa000 	C:\Program Files\Android\Android Studio\jre\jre\bin\net.dll
0x00007fffea410000 - 0x00007fffea476000 	C:\WINDOWS\system32\mswsock.dll
0x00007fffd3270000 - 0x00007fffd3281000 	C:\Program Files\Android\Android Studio\jre\jre\bin\nio.dll
0x00007fffea5d0000 - 0x00007fffea5e7000 	C:\WINDOWS\SYSTEM32\CRYPTSP.dll
0x00007fffe9ff0000 - 0x00007fffea023000 	C:\WINDOWS\system32\rsaenh.dll
0x00007fffea6f0000 - 0x00007fffea715000 	C:\WINDOWS\SYSTEM32\bcrypt.dll
0x00007fffeaac0000 - 0x00007fffeaae8000 	C:\WINDOWS\SYSTEM32\USERENV.dll
0x00007fffea5c0000 - 0x00007fffea5cb000 	C:\WINDOWS\SYSTEM32\CRYPTBASE.dll
0x00007fffea190000 - 0x00007fffea1c8000 	C:\WINDOWS\SYSTEM32\IPHLPAPI.DLL
0x00007fffec4f0000 - 0x00007fffec4f8000 	C:\WINDOWS\System32\NSI.dll
0x00007fffe5740000 - 0x00007fffe5756000 	C:\WINDOWS\SYSTEM32\dhcpcsvc6.DLL
0x00007fffe56d0000 - 0x00007fffe56ea000 	C:\WINDOWS\SYSTEM32\dhcpcsvc.DLL

VM Arguments:
jvm_args: -Djava.awt.headless=true -Djava.rmi.server.hostname=localhost -Xmx1536m -Dkotlin.environment.keepalive 
java_command: org.jetbrains.kotlin.daemon.KotlinCompileDaemon --daemon-runFilesPath C:\Users\Ohaiyo Randy Rahmat\AppData\Local\kotlin\daemon --daemon-autoshutdownIdleSeconds=7200 --daemon-compilerClasspath C:\Users\Ohaiyo Randy Rahmat\.gradle\caches\modules-2\files-2.1\org.jetbrains.kotlin\kotlin-compiler-embeddable\1.2.30\9b3f10d4717b9ac238b287e9b6eb2b4eadd8e870\kotlin-compiler-embeddable-1.2.30.jar;C:\Users\Ohaiyo Randy Rahmat\.gradle\caches\modules-2\files-2.1\org.jetbrains.kotlin\kotlin-stdlib\1.2.30\2dfac33f8b4e92c9dd1422cd286834701a6f6d6\kotlin-stdlib-1.2.30.jar;C:\Users\Ohaiyo Randy Rahmat\.gradle\caches\modules-2\files-2.1\org.jetbrains.kotlin\kotlin-script-runtime\1.2.30\37ee7531a636e99b639f8b1544cdda27d0ee30b0\kotlin-script-runtime-1.2.30.jar;C:\Users\Ohaiyo Randy Rahmat\.gradle\caches\modules-2\files-2.1\org.jetbrains.kotlin\kotlin-reflect\1.2.30\9758025a415ee400e1f90ff222bcfec247779133\kotlin-reflect-1.2.30.jar;C:\Program Files\Android\Android Studio\jre\lib\tools.jar
java_class_path (initial): C:\Users\Ohaiyo Randy Rahmat\.gradle\caches\modules-2\files-2.1\org.jetbrains.kotlin\kotlin-compiler-embeddable\1.2.30\9b3f10d4717b9ac238b287e9b6eb2b4eadd8e870\kotlin-compiler-embeddable-1.2.30.jar;C:\Users\Ohaiyo Randy Rahmat\.gradle\caches\modules-2\files-2.1\org.jetbrains.kotlin\kotlin-stdlib\1.2.30\2dfac33f8b4e92c9dd1422cd286834701a6f6d6\kotlin-stdlib-1.2.30.jar;C:\Users\Ohaiyo Randy Rahmat\.gradle\caches\modules-2\files-2.1\org.jetbrains.kotlin\kotlin-script-runtime\1.2.30\37ee7531a636e99b639f8b1544cdda27d0ee30b0\kotlin-script-runtime-1.2.30.jar;C:\Users\Ohaiyo Randy Rahmat\.gradle\caches\modules-2\files-2.1\org.jetbrains.kotlin\kotlin-reflect\1.2.30\9758025a415ee400e1f90ff222bcfec247779133\kotlin-reflect-1.2.30.jar;C:\Program Files\Android\Android Studio\jre\lib\tools.jar
Launcher Type: SUN_STANDARD

Environment Variables:
JAVA_HOME=C:\Program Files\Java\jdk1.8.0_162
PATH=C:\ProgramData\Oracle\Java\javapath;C:\WINDOWS\system32;C:\WINDOWS;C:\WINDOWS\System32\Wbem;C:\WINDOWS\System32\WindowsPowerShell\v1.0\;C:\Android;C:\Windows\System32;C:\Program Files (x86)\Skype\Phone\;C:\Python27;C:\Android\sdk\ndk-bundle;C:\WINDOWS\System32\OpenSSH\;C:\cocos2dx\cocos2d-x-3.16\templates;C:\cocos2dx;\cocos2d-x-3.16\tools\cocos2d-console\bin;\cocos2d-x-3.16\templates;%USERPROFILE%\AppData\Local\Microsoft\WindowsApps;
USERNAME=Ohaiyo Randy Rahmat
OS=Windows_NT
PROCESSOR_IDENTIFIER=Intel64 Family 6 Model 94 Stepping 3, GenuineIntel



---------------  S Y S T E M  ---------------

OS: Windows 10.0 , 64 bit Build 17134 (10.0.17134.1)

CPU:total 4 (initial active 4) (4 cores per cpu, 1 threads per core) family 6 model 94 stepping 3, cmov, cx8, fxsr, mmx, sse, sse2, sse3, ssse3, sse4.1, sse4.2, popcnt, avx, avx2, aes, clmul, erms, rtm, 3dnowpref, lzcnt, tsc, tscinvbit, bmi1, bmi2, adx

Memory: 4k page, physical 16731800k(3683856k free), swap 21028504k(3656k free)

vm_info: OpenJDK 64-Bit Server VM (25.152-b02) for windows-amd64 JRE (1.8.0_152-release-1024-b02), built by "builder" with MS VC++ 10.0 (VS2010)

time: Sun Jul 01 08:01:47 2018
elapsed time: 4087 seconds (0d 1h 8m 7s)

